[0.006s] Invoking command in '/home/uzair/ws_mobile/build/mobile_robot': CMAKE_PREFIX_PATH=/opt/ros/iron /usr/bin/cmake --build /home/uzair/ws_mobile/build/mobile_robot -- -j12 -l12
[0.037s] -- Found ament_cmake: 2.0.6 (/opt/ros/iron/share/ament_cmake/cmake)
[0.128s] -- Found ament_lint_auto: 0.14.4 (/opt/ros/iron/share/ament_lint_auto/cmake)
[0.168s] -- Added test 'flake8' to check Python code syntax and style conventions
[0.168s] -- Configured 'flake8' exclude dirs and/or files: 
[0.168s] -- Added test 'lint_cmake' to check CMake code style
[0.168s] -- Added test 'pep257' to check Python code against some of the docstring style conventions in PEP 257
[0.169s] -- Added test 'xmllint' to check XML markup files
[0.170s] -- Configuring done
[0.173s] -- Generating done
[0.174s] -- Build files have been written to: /home/uzair/ws_mobile/build/mobile_robot
[0.189s] Invoked command in '/home/uzair/ws_mobile/build/mobile_robot' returned '0': CMAKE_PREFIX_PATH=/opt/ros/iron /usr/bin/cmake --build /home/uzair/ws_mobile/build/mobile_robot -- -j12 -l12
[0.205s] Invoking command in '/home/uzair/ws_mobile/build/mobile_robot': CMAKE_PREFIX_PATH=/opt/ros/iron /usr/bin/cmake --install /home/uzair/ws_mobile/build/mobile_robot
[0.209s] -- Install configuration: ""
[0.210s] -- Installing: /home/uzair/ws_mobile/install/mobile_robot/share/mobile_robot/launch
[0.210s] -- Installing: /home/uzair/ws_mobile/install/mobile_robot/share/mobile_robot/launch/gazebo_model.launch.py
[0.210s] -- Installing: /home/uzair/ws_mobile/install/mobile_robot/share/mobile_robot/model
[0.210s] -- Installing: /home/uzair/ws_mobile/install/mobile_robot/share/mobile_robot/model/robot.xacro
[0.210s] -- Installing: /home/uzair/ws_mobile/install/mobile_robot/share/mobile_robot/model/robot.gazebo
[0.210s] -- Installing: /home/uzair/ws_mobile/install/mobile_robot/share/ament_index/resource_index/package_run_dependencies/mobile_robot
[0.210s] -- Up-to-date: /home/uzair/ws_mobile/install/mobile_robot/share/ament_index/resource_index/parent_prefix_path/mobile_robot
[0.210s] -- Up-to-date: /home/uzair/ws_mobile/install/mobile_robot/share/mobile_robot/environment/ament_prefix_path.sh
[0.210s] -- Up-to-date: /home/uzair/ws_mobile/install/mobile_robot/share/mobile_robot/environment/ament_prefix_path.dsv
[0.210s] -- Up-to-date: /home/uzair/ws_mobile/install/mobile_robot/share/mobile_robot/environment/path.sh
[0.210s] -- Up-to-date: /home/uzair/ws_mobile/install/mobile_robot/share/mobile_robot/environment/path.dsv
[0.210s] -- Up-to-date: /home/uzair/ws_mobile/install/mobile_robot/share/mobile_robot/local_setup.bash
[0.210s] -- Up-to-date: /home/uzair/ws_mobile/install/mobile_robot/share/mobile_robot/local_setup.sh
[0.210s] -- Up-to-date: /home/uzair/ws_mobile/install/mobile_robot/share/mobile_robot/local_setup.zsh
[0.211s] -- Up-to-date: /home/uzair/ws_mobile/install/mobile_robot/share/mobile_robot/local_setup.dsv
[0.211s] -- Up-to-date: /home/uzair/ws_mobile/install/mobile_robot/share/mobile_robot/package.dsv
[0.211s] -- Up-to-date: /home/uzair/ws_mobile/install/mobile_robot/share/ament_index/resource_index/packages/mobile_robot
[0.211s] -- Up-to-date: /home/uzair/ws_mobile/install/mobile_robot/share/mobile_robot/cmake/mobile_robotConfig.cmake
[0.211s] -- Up-to-date: /home/uzair/ws_mobile/install/mobile_robot/share/mobile_robot/cmake/mobile_robotConfig-version.cmake
[0.211s] -- Installing: /home/uzair/ws_mobile/install/mobile_robot/share/mobile_robot/package.xml
[0.212s] Invoked command in '/home/uzair/ws_mobile/build/mobile_robot' returned '0': CMAKE_PREFIX_PATH=/opt/ros/iron /usr/bin/cmake --install /home/uzair/ws_mobile/build/mobile_robot
