[0.006s] Invoking command in '/home/uzair/ws_mobile/build/mobile_robot': CMAKE_PREFIX_PATH=/opt/ros/iron /usr/bin/cmake /home/uzair/ws_mobile/src/mobile_robot -DCMAKE_INSTALL_PREFIX=/home/uzair/ws_mobile/install/mobile_robot
[0.081s] -- The C compiler identification is GNU 11.4.0
[0.139s] -- The CXX compiler identification is GNU 11.4.0
[0.147s] -- Detecting C compiler ABI info
[0.198s] -- Detecting C compiler ABI info - done
[0.202s] -- Check for working C compiler: /usr/bin/cc - skipped
[0.203s] -- Detecting C compile features
[0.203s] -- Detecting C compile features - done
[0.205s] -- Detecting CXX compiler ABI info
[0.258s] -- Detecting CXX compiler ABI info - done
[0.264s] -- Check for working CXX compiler: /usr/bin/c++ - skipped
[0.264s] -- Detecting CXX compile features
[0.264s] -- Detecting CXX compile features - done
[0.266s] -- Found ament_cmake: 2.0.6 (/opt/ros/iron/share/ament_cmake/cmake)
[0.374s] -- Found Python3: /usr/bin/python3.10 (found version "3.10.12") found components: Interpreter 
[0.420s] -- Found ament_lint_auto: 0.14.4 (/opt/ros/iron/share/ament_lint_auto/cmake)
[0.462s] -- Added test 'lint_cmake' to check CMake code style
[0.462s] -- Added test 'xmllint' to check XML markup files
[0.463s] -- Configuring done
[0.464s] -- Generating done
[0.464s] -- Build files have been written to: /home/uzair/ws_mobile/build/mobile_robot
[0.467s] Invoked command in '/home/uzair/ws_mobile/build/mobile_robot' returned '0': CMAKE_PREFIX_PATH=/opt/ros/iron /usr/bin/cmake /home/uzair/ws_mobile/src/mobile_robot -DCMAKE_INSTALL_PREFIX=/home/uzair/ws_mobile/install/mobile_robot
[0.468s] Invoking command in '/home/uzair/ws_mobile/build/mobile_robot': CMAKE_PREFIX_PATH=/opt/ros/iron /usr/bin/cmake --build /home/uzair/ws_mobile/build/mobile_robot -- -j12 -l12
[0.495s] Invoked command in '/home/uzair/ws_mobile/build/mobile_robot' returned '0': CMAKE_PREFIX_PATH=/opt/ros/iron /usr/bin/cmake --build /home/uzair/ws_mobile/build/mobile_robot -- -j12 -l12
[0.514s] Invoking command in '/home/uzair/ws_mobile/build/mobile_robot': CMAKE_PREFIX_PATH=/opt/ros/iron /usr/bin/cmake --install /home/uzair/ws_mobile/build/mobile_robot
[0.520s] -- Install configuration: ""
[0.520s] -- Installing: /home/uzair/ws_mobile/install/mobile_robot/share/ament_index/resource_index/package_run_dependencies/mobile_robot
[0.520s] -- Installing: /home/uzair/ws_mobile/install/mobile_robot/share/ament_index/resource_index/parent_prefix_path/mobile_robot
[0.520s] -- Installing: /home/uzair/ws_mobile/install/mobile_robot/share/mobile_robot/environment/ament_prefix_path.sh
[0.520s] -- Installing: /home/uzair/ws_mobile/install/mobile_robot/share/mobile_robot/environment/ament_prefix_path.dsv
[0.520s] -- Installing: /home/uzair/ws_mobile/install/mobile_robot/share/mobile_robot/environment/path.sh
[0.520s] -- Installing: /home/uzair/ws_mobile/install/mobile_robot/share/mobile_robot/environment/path.dsv
[0.520s] -- Installing: /home/uzair/ws_mobile/install/mobile_robot/share/mobile_robot/local_setup.bash
[0.520s] -- Installing: /home/uzair/ws_mobile/install/mobile_robot/share/mobile_robot/local_setup.sh
[0.520s] -- Installing: /home/uzair/ws_mobile/install/mobile_robot/share/mobile_robot/local_setup.zsh
[0.520s] -- Installing: /home/uzair/ws_mobile/install/mobile_robot/share/mobile_robot/local_setup.dsv
[0.521s] -- Installing: /home/uzair/ws_mobile/install/mobile_robot/share/mobile_robot/package.dsv
[0.521s] -- Installing: /home/uzair/ws_mobile/install/mobile_robot/share/ament_index/resource_index/packages/mobile_robot
[0.521s] -- Installing: /home/uzair/ws_mobile/install/mobile_robot/share/mobile_robot/cmake/mobile_robotConfig.cmake
[0.521s] -- Installing: /home/uzair/ws_mobile/install/mobile_robot/share/mobile_robot/cmake/mobile_robotConfig-version.cmake
[0.521s] -- Installing: /home/uzair/ws_mobile/install/mobile_robot/share/mobile_robot/package.xml
[0.522s] Invoked command in '/home/uzair/ws_mobile/build/mobile_robot' returned '0': CMAKE_PREFIX_PATH=/opt/ros/iron /usr/bin/cmake --install /home/uzair/ws_mobile/build/mobile_robot
