[0.014s] Invoking command in '/home/basim/DuneAI/ros/ws2/src/robot-simulation/ws_mobile/build/mobile_robot': CMAKE_PREFIX_PATH=${CMAKE_PREFIX_PATH}:/opt/ros/humble /usr/bin/cmake /home/basim/DuneAI/ros/ws2/src/robot-simulation/ws_mobile/src/mobile_robot -DCMAKE_INSTALL_PREFIX=/home/basim/DuneAI/ros/ws2/src/robot-simulation/ws_mobile/install/mobile_robot
[0.079s] -- The C compiler identification is GNU 11.4.0
[0.169s] -- The CXX compiler identification is GNU 11.4.0
[0.184s] -- Detecting C compiler ABI info
[0.271s] -- Detecting C compiler ABI info - done
[0.280s] -- Check for working C compiler: /usr/bin/cc - skipped
[0.281s] -- Detecting C compile features
[0.281s] -- Detecting C compile features - done
[0.285s] -- Detecting CXX compiler ABI info
[0.377s] -- Detecting CXX compiler ABI info - done
[0.393s] -- Check for working CXX compiler: /usr/bin/c++ - skipped
[0.393s] -- Detecting CXX compile features
[0.394s] -- Detecting CXX compile features - done
[0.396s] -- Found ament_cmake: 1.3.10 (/opt/ros/humble/share/ament_cmake/cmake)
[0.560s] -- Found Python3: /usr/bin/python3 (found version "3.10.12") found components: Interpreter 
[0.634s] -- Found ament_lint_auto: 0.12.11 (/opt/ros/humble/share/ament_lint_auto/cmake)
[0.720s] -- Added test 'flake8' to check Python code syntax and style conventions
[0.721s] -- Added test 'lint_cmake' to check CMake code style
[0.722s] -- Added test 'pep257' to check Python code against some of the docstring style conventions in PEP 257
[0.724s] -- Added test 'xmllint' to check XML markup files
[0.726s] -- Configuring done
[0.730s] -- Generating done
[0.731s] -- Build files have been written to: /home/basim/DuneAI/ros/ws2/src/robot-simulation/ws_mobile/build/mobile_robot
[0.737s] Invoked command in '/home/basim/DuneAI/ros/ws2/src/robot-simulation/ws_mobile/build/mobile_robot' returned '0': CMAKE_PREFIX_PATH=${CMAKE_PREFIX_PATH}:/opt/ros/humble /usr/bin/cmake /home/basim/DuneAI/ros/ws2/src/robot-simulation/ws_mobile/src/mobile_robot -DCMAKE_INSTALL_PREFIX=/home/basim/DuneAI/ros/ws2/src/robot-simulation/ws_mobile/install/mobile_robot
[0.738s] Invoking command in '/home/basim/DuneAI/ros/ws2/src/robot-simulation/ws_mobile/build/mobile_robot': CMAKE_PREFIX_PATH=${CMAKE_PREFIX_PATH}:/opt/ros/humble /usr/bin/cmake --build /home/basim/DuneAI/ros/ws2/src/robot-simulation/ws_mobile/build/mobile_robot -- -j12 -l12
[0.779s] Invoked command in '/home/basim/DuneAI/ros/ws2/src/robot-simulation/ws_mobile/build/mobile_robot' returned '0': CMAKE_PREFIX_PATH=${CMAKE_PREFIX_PATH}:/opt/ros/humble /usr/bin/cmake --build /home/basim/DuneAI/ros/ws2/src/robot-simulation/ws_mobile/build/mobile_robot -- -j12 -l12
[0.813s] Invoking command in '/home/basim/DuneAI/ros/ws2/src/robot-simulation/ws_mobile/build/mobile_robot': CMAKE_PREFIX_PATH=${CMAKE_PREFIX_PATH}:/opt/ros/humble /usr/bin/cmake --install /home/basim/DuneAI/ros/ws2/src/robot-simulation/ws_mobile/build/mobile_robot
[0.824s] -- Install configuration: ""
[0.824s] -- Installing: /home/basim/DuneAI/ros/ws2/src/robot-simulation/ws_mobile/install/mobile_robot/share/mobile_robot/launch
[0.824s] -- Installing: /home/basim/DuneAI/ros/ws2/src/robot-simulation/ws_mobile/install/mobile_robot/share/mobile_robot/launch/random10.launch.py
[0.825s] -- Installing: /home/basim/DuneAI/ros/ws2/src/robot-simulation/ws_mobile/install/mobile_robot/share/mobile_robot/launch/gazebo_model1.launch.py
[0.825s] -- Installing: /home/basim/DuneAI/ros/ws2/src/robot-simulation/ws_mobile/install/mobile_robot/share/mobile_robot/launch/gazebo_model.launch.py
[0.826s] -- Installing: /home/basim/DuneAI/ros/ws2/src/robot-simulation/ws_mobile/install/mobile_robot/share/mobile_robot/model
[0.826s] -- Installing: /home/basim/DuneAI/ros/ws2/src/robot-simulation/ws_mobile/install/mobile_robot/share/mobile_robot/model/cube2.sdf
[0.826s] -- Installing: /home/basim/DuneAI/ros/ws2/src/robot-simulation/ws_mobile/install/mobile_robot/share/mobile_robot/model/robot.gazebo
[0.826s] -- Installing: /home/basim/DuneAI/ros/ws2/src/robot-simulation/ws_mobile/install/mobile_robot/share/mobile_robot/model/robot.xacro
[0.827s] -- Installing: /home/basim/DuneAI/ros/ws2/src/robot-simulation/ws_mobile/install/mobile_robot/share/mobile_robot/model/robot1.xacro
[0.827s] -- Installing: /home/basim/DuneAI/ros/ws2/src/robot-simulation/ws_mobile/install/mobile_robot/share/mobile_robot/model/cube1.sdf
[0.827s] -- Installing: /home/basim/DuneAI/ros/ws2/src/robot-simulation/ws_mobile/install/mobile_robot/share/ament_index/resource_index/package_run_dependencies/mobile_robot
[0.828s] -- Installing: /home/basim/DuneAI/ros/ws2/src/robot-simulation/ws_mobile/install/mobile_robot/share/ament_index/resource_index/parent_prefix_path/mobile_robot
[0.828s] -- Installing: /home/basim/DuneAI/ros/ws2/src/robot-simulation/ws_mobile/install/mobile_robot/share/mobile_robot/environment/ament_prefix_path.sh
[0.828s] -- Installing: /home/basim/DuneAI/ros/ws2/src/robot-simulation/ws_mobile/install/mobile_robot/share/mobile_robot/environment/ament_prefix_path.dsv
[0.828s] -- Installing: /home/basim/DuneAI/ros/ws2/src/robot-simulation/ws_mobile/install/mobile_robot/share/mobile_robot/environment/path.sh
[0.828s] -- Installing: /home/basim/DuneAI/ros/ws2/src/robot-simulation/ws_mobile/install/mobile_robot/share/mobile_robot/environment/path.dsv
[0.828s] -- Installing: /home/basim/DuneAI/ros/ws2/src/robot-simulation/ws_mobile/install/mobile_robot/share/mobile_robot/local_setup.bash
[0.828s] -- Installing: /home/basim/DuneAI/ros/ws2/src/robot-simulation/ws_mobile/install/mobile_robot/share/mobile_robot/local_setup.sh
[0.828s] -- Installing: /home/basim/DuneAI/ros/ws2/src/robot-simulation/ws_mobile/install/mobile_robot/share/mobile_robot/local_setup.zsh
[0.829s] -- Installing: /home/basim/DuneAI/ros/ws2/src/robot-simulation/ws_mobile/install/mobile_robot/share/mobile_robot/local_setup.dsv
[0.829s] -- Installing: /home/basim/DuneAI/ros/ws2/src/robot-simulation/ws_mobile/install/mobile_robot/share/mobile_robot/package.dsv
[0.829s] -- Installing: /home/basim/DuneAI/ros/ws2/src/robot-simulation/ws_mobile/install/mobile_robot/share/ament_index/resource_index/packages/mobile_robot
[0.830s] -- Installing: /home/basim/DuneAI/ros/ws2/src/robot-simulation/ws_mobile/install/mobile_robot/share/mobile_robot/cmake/mobile_robotConfig.cmake
[0.830s] -- Installing: /home/basim/DuneAI/ros/ws2/src/robot-simulation/ws_mobile/install/mobile_robot/share/mobile_robot/cmake/mobile_robotConfig-version.cmake
[0.830s] -- Installing: /home/basim/DuneAI/ros/ws2/src/robot-simulation/ws_mobile/install/mobile_robot/share/mobile_robot/package.xml
[0.832s] Invoked command in '/home/basim/DuneAI/ros/ws2/src/robot-simulation/ws_mobile/build/mobile_robot' returned '0': CMAKE_PREFIX_PATH=${CMAKE_PREFIX_PATH}:/opt/ros/humble /usr/bin/cmake --install /home/basim/DuneAI/ros/ws2/src/robot-simulation/ws_mobile/build/mobile_robot
